<?xml version="1.0" encoding="UTF-8"?>
<!-- Generated by org.testng.reporters.JUnitReportReporter -->
<testsuite skipped="0" hostname="LAPTOP-C4QGRIU0" name="Basics" tests="1" failures="0" timestamp="2020-10-18T20:13:00 AEDT" time="19.028" errors="0">
  <testcase name="bas" time="19.028" classname="Basics"/>
  <system-out/>
</testsuite> <!-- Basics -->
