<?xml version="1.0" encoding="UTF-8"?>
<!-- Generated by org.testng.reporters.JUnitReportReporter -->
<testsuite skipped="0" hostname="LAPTOP-C4QGRIU0" name="Misellelanious" tests="1" failures="0" timestamp="2020-10-27T18:53:15 AEDT" time="22.530" errors="0">
  <testcase name="mismethod" time="22.530" classname="Misellelanious"/>
  <system-out/>
</testsuite> <!-- Misellelanious -->
