<?xml version="1.0" encoding="UTF-8"?>
<!-- Generated by org.testng.reporters.JUnitReportReporter -->
<testsuite skipped="0" hostname="LAPTOP-C4QGRIU0" name="App" tests="1" failures="0" timestamp="2020-10-19T22:30:10 AEDT" time="17.078" errors="0">
  <testcase name="capMethod" time="17.078" classname="App"/>
  <system-out/>
</testsuite> <!-- App -->
