<?xml version="1.0" encoding="UTF-8"?>
<!-- Generated by org.testng.reporters.JUnitReportReporter -->
<testsuite skipped="0" hostname="LAPTOP-C4QGRIU0" name="Raaga" tests="1" failures="0" timestamp="2020-10-19T23:19:19 AEDT" time="23.349" errors="0">
  <testcase name="ragmethod" time="23.349" classname="Raaga"/>
  <system-out/>
</testsuite> <!-- Raaga -->
